0 info it worked if it ends with ok
1 verbose cli [ '/home/dylan/.nvm/versions/io.js/v2.2.1/bin/iojs',
1 verbose cli   '/home/dylan/.nvm/versions/io.js/v2.2.1/bin/npm',
1 verbose cli   'publish' ]
2 info using npm@2.11.0
3 info using node@v2.2.1
4 verbose publish [ '.' ]
5 silly cache add args [ '.', null ]
6 verbose cache add spec .
7 silly cache add parsed spec { raw: '.',
7 silly cache add   scope: null,
7 silly cache add   name: null,
7 silly cache add   rawSpec: '.',
7 silly cache add   spec: '/home/dylan/Projects/syntusk',
7 silly cache add   type: 'directory' }
8 verbose addLocalDirectory /home/dylan/.npm/syntusk/0.1.1/package.tgz not in flight; packing
9 verbose tar pack [ '/home/dylan/.npm/syntusk/0.1.1/package.tgz',
9 verbose tar pack   '/home/dylan/Projects/syntusk' ]
10 verbose tarball /home/dylan/.npm/syntusk/0.1.1/package.tgz
11 verbose folder /home/dylan/Projects/syntusk
12 info prepublish syntusk@0.1.1
13 verbose addLocalTarball adding from inside cache /home/dylan/.npm/syntusk/0.1.1/package.tgz
14 silly cache afterAdd syntusk@0.1.1
15 verbose afterAdd /home/dylan/.npm/syntusk/0.1.1/package/package.json not in flight; writing
16 verbose afterAdd /home/dylan/.npm/syntusk/0.1.1/package/package.json written
17 silly publish { name: 'syntusk',
17 silly publish   version: '0.1.1',
17 silly publish   description: 'Highlight.js optimized for browserify and tusk.',
17 silly publish   author: { name: 'Dylan Piercey', email: 'pierceydylan@gmail.com' },
17 silly publish   licence: 'MIT',
17 silly publish   main: 'lib/index.js',
17 silly publish   scripts:
17 silly publish    { build: 'npm install gulp && gulp build',
17 silly publish      postinstall: 'npm install gulp && gulp build' },
17 silly publish   peerDependencies: { tusk: '0.2.x' },
17 silly publish   dependencies:
17 silly publish    { 'coffee-script': '^1.9.3',
17 silly publish      cssmin: '^0.4.3',
17 silly publish      gulp: '^3.9.0',
17 silly publish      'highlight.js': '^8.6.0' },
17 silly publish   readme: '# Syntusk\n\nSyntax highlighting for TUSK without the bulk.\n\n[![npm](https://img.shields.io/npm/dm/syntusk.svg)](https://www.npmjs.com/package/syntusk)\n\n# Supported Languages\nAll languages and styles from [highlight.js](https://highlightjs.org).\n\n# Installation\n\n#### Npm\n```console\nnpm install syntusk\n```\n\n# Example\n```javascript\n// Require a style. (Returns a css string).\nvar theme = require(\'syntusk/style/solarized_dark\');\n\n// Require the highlighters.\nvar XML = require(\'syntusk/xml\');\nvar CSS = require(\'syntusk/css\');\nvar JS = require(\'syntusk/javascript\');\n\n// To access the underlying hljs simply require("syntusk").\n// Use them in a component.\nvar MyComponent = function () {\n    return (\n        <div>\n            <style innerHTML={ theme }/>\n\n            <XML>\n                {\'<a href="example.html"> Click me </a>\'}\n            </XML>\n            <CSS>\n                {\'body { background-color: green }\'}\n            </CSS>\n            <JS>\n                {\'var x = { y: "hi" };\'}\n            </JS>\n        </div>\n    );\n});\n```\n\n#### Which (when rendered) will output:\n![Example](https://raw.githubusercontent.com/DylanPiercey/Syntusk/master/example.png)\n',
17 silly publish   readmeFilename: 'README.md',
17 silly publish   gitHead: '6d0dd26900a8e3b8c7f70108096e188c9d03e3de',
17 silly publish   _id: 'syntusk@0.1.1',
17 silly publish   _shasum: '14841af743a50529e1b1ce6f36786abc7a3d6007',
17 silly publish   _from: '.' }
18 verbose getPublishConfig undefined
19 silly mapToRegistry name syntusk
20 silly mapToRegistry using default registry
21 silly mapToRegistry registry https://registry.npmjs.org/
22 silly mapToRegistry uri https://registry.npmjs.org/syntusk
23 verbose publish registryBase https://registry.npmjs.org/
24 silly publish uploading /home/dylan/.npm/syntusk/0.1.1/package.tgz
25 verbose request uri https://registry.npmjs.org/syntusk
26 verbose request sending authorization for write operation
27 info attempt registry request try #1 at 21:05:59
28 verbose request using bearer token for auth
29 verbose request id fa3421dbb551d2df
30 http request PUT https://registry.npmjs.org/syntusk
31 http 403 https://registry.npmjs.org/syntusk
32 verbose headers { 'content-type': 'application/json',
32 verbose headers   'cache-control': 'max-age=60',
32 verbose headers   'content-length': '95',
32 verbose headers   'accept-ranges': 'bytes',
32 verbose headers   date: 'Fri, 17 Jul 2015 03:06:01 GMT',
32 verbose headers   via: '1.1 varnish',
32 verbose headers   connection: 'keep-alive',
32 verbose headers   'x-served-by': 'cache-lax1430-LAX',
32 verbose headers   'x-cache': 'MISS',
32 verbose headers   'x-cache-hits': '0',
32 verbose headers   'x-timer': 'S1437102360.077224,VS0,VE1205' }
33 verbose request invalidating /home/dylan/.npm/registry.npmjs.org/syntusk on PUT
34 error publish Failed PUT 403
35 verbose stack Error: "You cannot publish over the previously published version 0.1.1." : syntusk
35 verbose stack     at CachingRegistryClient.<anonymous> (/home/dylan/.nvm/versions/io.js/v2.2.1/lib/node_modules/npm/node_modules/npm-registry-client/lib/request.js:247:14)
35 verbose stack     at Request._callback (/home/dylan/.nvm/versions/io.js/v2.2.1/lib/node_modules/npm/node_modules/npm-registry-client/lib/request.js:170:14)
35 verbose stack     at Request.self.callback (/home/dylan/.nvm/versions/io.js/v2.2.1/lib/node_modules/npm/node_modules/request/request.js:368:22)
35 verbose stack     at emitTwo (events.js:87:13)
35 verbose stack     at Request.emit (events.js:172:7)
35 verbose stack     at Request.<anonymous> (/home/dylan/.nvm/versions/io.js/v2.2.1/lib/node_modules/npm/node_modules/request/request.js:1219:14)
35 verbose stack     at emitOne (events.js:82:20)
35 verbose stack     at Request.emit (events.js:169:7)
35 verbose stack     at IncomingMessage.<anonymous> (/home/dylan/.nvm/versions/io.js/v2.2.1/lib/node_modules/npm/node_modules/request/request.js:1167:12)
35 verbose stack     at emitNone (events.js:72:20)
36 verbose statusCode 403
37 verbose pkgid syntusk
38 verbose cwd /home/dylan/Projects/syntusk
39 error Linux 3.16.0-41-generic
40 error argv "/home/dylan/.nvm/versions/io.js/v2.2.1/bin/iojs" "/home/dylan/.nvm/versions/io.js/v2.2.1/bin/npm" "publish"
41 error node v2.2.1
42 error npm  v2.11.0
43 error code E403
44 error "You cannot publish over the previously published version 0.1.1." : syntusk
45 error If you need help, you may report this error at:
45 error     <https://github.com/npm/npm/issues>
46 verbose exit [ 1, true ]
